<?xml version="1.0" encoding="UTF-8"?>
<!-- Generated by org.testng.reporters.JUnitReportReporter -->
<testsuite hostname="LAPTOP-UU4U0ELH" failures="0" tests="1" name="JDBC.practise.ExecuteQueryTest" time="0.222" errors="0" timestamp="2022-04-19T16:13:14 IST" skipped="0">
  <testcase classname="JDBC.practise.ExecuteQueryTest" name="ExecuteQueryTest" time="0.222"/>
  <system-out/>
</testsuite> <!-- JDBC.practise.ExecuteQueryTest -->
