<?xml version="1.0" encoding="UTF-8"?>
<!-- Generated by org.testng.reporters.JUnitReportReporter -->
<testsuite hostname="LAPTOP-UU4U0ELH" failures="0" tests="1" name="JDBC.practise.ExecuteUpdateTest" time="0.185" errors="0" timestamp="2022-04-19T16:35:22 IST" skipped="0">
  <testcase classname="JDBC.practise.ExecuteUpdateTest" name="executeUpdateTest" time="0.185"/>
  <system-out/>
</testsuite> <!-- JDBC.practise.ExecuteUpdateTest -->
