<?xml version="1.0" encoding="UTF-8"?>
<!-- Generated by org.testng.reporters.JUnitReportReporter -->
<testsuite hostname="LAPTOP-UU4U0ELH" failures="0" tests="1" name="DDT.practice.ReadDataFromexcellsheet" time="0.398" errors="0" timestamp="2022-04-18T10:16:13 IST" skipped="0">
  <testcase classname="DDT.practice.ReadDataFromexcellsheet" name="ReadDataFromexcellshee" time="0.398"/>
  <system-out/>
</testsuite> <!-- DDT.practice.ReadDataFromexcellsheet -->
