<?xml version="1.0" encoding="UTF-8"?>
<!-- Generated by org.testng.reporters.JUnitReportReporter -->
<testsuite hostname="LAPTOP-UU4U0ELH" failures="0" tests="4" name="com.practise.DataProveider" time="59.173" errors="0" timestamp="2022-04-29T12:32:39 IST" skipped="0">
  <testcase classname="com.practise.DataProveider" name="travel" time="19.134"/>
  <system-out/>
  <testcase classname="com.practise.DataProveider" name="travel" time="11.568"/>
  <system-out/>
  <testcase classname="com.practise.DataProveider" name="travel" time="17.991"/>
  <system-out/>
  <testcase classname="com.practise.DataProveider" name="travel" time="10.480"/>
  <system-out/>
</testsuite> <!-- com.practise.DataProveider -->
