<?xml version="1.0" encoding="UTF-8"?>
<!-- Generated by org.testng.reporters.JUnitReportReporter -->
<testsuite hostname="LAPTOP-UU4U0ELH" failures="0" tests="1" name="com.crm.vtiger.Testcases.Cont" time="22.217" errors="0" timestamp="2022-04-25T10:10:16 IST" skipped="0">
  <testcase classname="com.crm.vtiger.Testcases.Cont" name="Cont" time="22.217"/>
  <system-out/>
</testsuite> <!-- com.crm.vtiger.Testcases.Cont -->
