<?xml version="1.0" encoding="UTF-8"?>
<!-- Generated by org.testng.reporters.JUnitReportReporter -->
<testsuite hostname="LAPTOP-UU4U0ELH" failures="0" tests="1" name="JavaUtil" time="0.006" errors="0" timestamp="2022-04-26T16:26:36 IST" skipped="0">
  <testcase classname="JavaUtil" name="createRandomnumber" time="0.006"/>
  <system-out/>
</testsuite> <!-- JavaUtil -->
