<?xml version="1.0" encoding="UTF-8"?>
<!-- Generated by org.testng.reporters.JUnitReportReporter -->
<testsuite hostname="LAPTOP-UU4U0ELH" failures="0" tests="1" name="DDT.practice.ReadingdatafromJSONTest" time="0.023" errors="0" timestamp="2022-04-15T23:14:01 IST" skipped="0">
  <testcase classname="DDT.practice.ReadingdatafromJSONTest" name="readingDataFromJSONTest" time="0.023"/>
  <system-out/>
</testsuite> <!-- DDT.practice.ReadingdatafromJSONTest -->
