<?xml version="1.0" encoding="UTF-8"?>
<!-- Generated by org.testng.reporters.JUnitReportReporter -->
<testsuite hostname="LAPTOP-UU4U0ELH" failures="0" tests="1" name="com.practise.ReadingDataFromXMLTest" time="0.011" errors="0" timestamp="2022-05-10T23:09:02 IST" skipped="0">
  <testcase classname="com.practise.ReadingDataFromXMLTest" name="readingDataFromXMLTest" time="0.011"/>
  <system-out/>
</testsuite> <!-- com.practise.ReadingDataFromXMLTest -->
